Build started 4/11/2018 5:46:58 PM.
     1>Project "C:\Users\ak0061\Downloads\MendelSimulation2\MendelSimulation2\MendelSimulation2.vcxproj" on node 2 (Build target(s)).
     1>ClCompile:
         C:\Program Files (x86)\Microsoft Visual Studio 11.0\VC\bin\CL.exe /c /ZI /nologo /W3 /WX- /Od /Oy- /D WIN32 /D _DEBUG /D _CONSOLE /D _UNICODE /D UNICODE /Gm /EHsc /RTC1 /MDd /GS /fp:precise /Zc:wchar_t /Zc:forScope /Fo"Debug\\" /Fd"Debug\vc110.pdb" /Gd /TP /wd4996 /analyze- /errorReport:prompt MendelianSimulation.cpp
         MendelianSimulation.cpp
       Link:
         C:\Program Files (x86)\Microsoft Visual Studio 11.0\VC\bin\link.exe /ERRORREPORT:PROMPT /OUT:"C:\Users\ak0061\Downloads\MendelSimulation2\Debug\MendelSimulation2.exe" /INCREMENTAL /NOLOGO kernel32.lib user32.lib gdi32.lib winspool.lib comdlg32.lib advapi32.lib shell32.lib ole32.lib oleaut32.lib uuid.lib odbc32.lib odbccp32.lib /MANIFEST /MANIFESTUAC:"level='asInvoker' uiAccess='false'" /manifest:embed /DEBUG /PDB:"C:\Users\ak0061\Downloads\MendelSimulation2\Debug\MendelSimulation2.pdb" /SUBSYSTEM:CONSOLE /TLBID:1 /DYNAMICBASE /NXCOMPAT /IMPLIB:"C:\Users\ak0061\Downloads\MendelSimulation2\Debug\MendelSimulation2.lib" /MACHINE:X86 Debug\Breed.obj
         Debug\Chromosome.obj
         Debug\ChromosomeFactory.obj
         Debug\Gene.obj
         Debug\GeneticsSimDataParser.obj
         Debug\Main.obj
         Debug\MasterGene.obj
         Debug\MasterGeneFactory.obj
         Debug\MendelianSimulation.obj
         Debug\Offspring.obj
         Debug\OffspringReader.obj
         Debug\Organism.obj
         Debug\OrganismFactory.obj
         MendelSimulation2.vcxproj -> C:\Users\ak0061\Downloads\MendelSimulation2\Debug\MendelSimulation2.exe
     1>Done Building Project "C:\Users\ak0061\Downloads\MendelSimulation2\MendelSimulation2\MendelSimulation2.vcxproj" (Build target(s)).

Build succeeded.

Time Elapsed 00:00:01.19
