C:\USERS\AK0061\DOWNLOADS\MENDELSIMULATION2\MENDELSIMULATION2\DEBUG\BINARYTREE.OBJ
C:\USERS\AK0061\DOWNLOADS\MENDELSIMULATION2\MENDELSIMULATION2\DEBUG\BREED.OBJ
C:\USERS\AK0061\DOWNLOADS\MENDELSIMULATION2\MENDELSIMULATION2\DEBUG\CHROMOSOME.OBJ
C:\USERS\AK0061\DOWNLOADS\MENDELSIMULATION2\MENDELSIMULATION2\DEBUG\CHROMOSOMEFACTORY.OBJ
C:\USERS\AK0061\DOWNLOADS\MENDELSIMULATION2\MENDELSIMULATION2\DEBUG\GENE.OBJ
C:\USERS\AK0061\DOWNLOADS\MENDELSIMULATION2\MENDELSIMULATION2\DEBUG\GENETICSSIMDATAPARSER.OBJ
C:\USERS\AK0061\DOWNLOADS\MENDELSIMULATION2\MENDELSIMULATION2\DEBUG\MASTERGENE.OBJ
C:\USERS\AK0061\DOWNLOADS\MENDELSIMULATION2\MENDELSIMULATION2\DEBUG\MASTERGENEFACTORY.OBJ
C:\USERS\AK0061\DOWNLOADS\MENDELSIMULATION2\MENDELSIMULATION2\DEBUG\OFFSPRING.OBJ
C:\USERS\AK0061\DOWNLOADS\MENDELSIMULATION2\MENDELSIMULATION2\DEBUG\OFFSPRINGREADER.OBJ
C:\USERS\AK0061\DOWNLOADS\MENDELSIMULATION2\MENDELSIMULATION2\DEBUG\ORGANISM.OBJ
C:\USERS\AK0061\DOWNLOADS\MENDELSIMULATION2\MENDELSIMULATION2\DEBUG\ORGANISMFACTORY.OBJ
C:\USERS\AK0061\DOWNLOADS\MENDELSIMULATION2\MENDELSIMULATION2\DEBUG\VC110.PDB
C:\USERS\AK0061\DOWNLOADS\MENDELSIMULATION2\MENDELSIMULATION2\DEBUG\MENDELIANSIMULATION.OBJ
C:\USERS\AK0061\DOWNLOADS\MENDELSIMULATION2\MENDELSIMULATION2\DEBUG\MAIN.OBJ
C:\USERS\AK0061\DOWNLOADS\MENDELSIMULATION2\DEBUG\MENDELSIMULATION2.ILK
C:\USERS\AK0061\DOWNLOADS\MENDELSIMULATION2\DEBUG\MENDELSIMULATION2.EXE
C:\USERS\AK0061\DOWNLOADS\MENDELSIMULATION2\DEBUG\MENDELSIMULATION2.PDB
C:\Users\ak0061\Downloads\MendelSimulation2\MendelSimulation2\Debug\BinaryTree.obj
C:\Users\ak0061\Downloads\MendelSimulation2\MendelSimulation2\Debug\Breed.obj
C:\Users\ak0061\Downloads\MendelSimulation2\MendelSimulation2\Debug\Chromosome.obj
C:\Users\ak0061\Downloads\MendelSimulation2\MendelSimulation2\Debug\ChromosomeFactory.obj
C:\Users\ak0061\Downloads\MendelSimulation2\MendelSimulation2\Debug\Gene.obj
C:\Users\ak0061\Downloads\MendelSimulation2\MendelSimulation2\Debug\GeneticsSimDataParser.obj
C:\Users\ak0061\Downloads\MendelSimulation2\MendelSimulation2\Debug\Main.obj
C:\Users\ak0061\Downloads\MendelSimulation2\MendelSimulation2\Debug\MasterGene.obj
C:\Users\ak0061\Downloads\MendelSimulation2\MendelSimulation2\Debug\MasterGeneFactory.obj
C:\Users\ak0061\Downloads\MendelSimulation2\MendelSimulation2\Debug\MendelianSimulation.obj
C:\Users\ak0061\Downloads\MendelSimulation2\MendelSimulation2\Debug\Offspring.obj
C:\Users\ak0061\Downloads\MendelSimulation2\MendelSimulation2\Debug\OffspringReader.obj
C:\Users\ak0061\Downloads\MendelSimulation2\MendelSimulation2\Debug\Organism.obj
C:\Users\ak0061\Downloads\MendelSimulation2\MendelSimulation2\Debug\OrganismFactory.obj
C:\Users\ak0061\Downloads\MendelSimulation2\MendelSimulation2\Debug\cl.command.1.tlog
C:\Users\ak0061\Downloads\MendelSimulation2\MendelSimulation2\Debug\CL.read.1.tlog
C:\Users\ak0061\Downloads\MendelSimulation2\MendelSimulation2\Debug\CL.write.1.tlog
C:\Users\ak0061\Downloads\MendelSimulation2\MendelSimulation2\Debug\link-cvtres.read.1.tlog
C:\Users\ak0061\Downloads\MendelSimulation2\MendelSimulation2\Debug\link-cvtres.write.1.tlog
C:\Users\ak0061\Downloads\MendelSimulation2\MendelSimulation2\Debug\link-rc.read.1.tlog
C:\Users\ak0061\Downloads\MendelSimulation2\MendelSimulation2\Debug\link-rc.write.1.tlog
C:\Users\ak0061\Downloads\MendelSimulation2\MendelSimulation2\Debug\link.9176-cvtres.read.1.tlog
C:\Users\ak0061\Downloads\MendelSimulation2\MendelSimulation2\Debug\link.9176-cvtres.write.1.tlog
C:\Users\ak0061\Downloads\MendelSimulation2\MendelSimulation2\Debug\link.9176-rc.read.1.tlog
C:\Users\ak0061\Downloads\MendelSimulation2\MendelSimulation2\Debug\link.9176-rc.write.1.tlog
C:\Users\ak0061\Downloads\MendelSimulation2\MendelSimulation2\Debug\link.9176.read.1.tlog
C:\Users\ak0061\Downloads\MendelSimulation2\MendelSimulation2\Debug\link.9176.write.1.tlog
C:\Users\ak0061\Downloads\MendelSimulation2\MendelSimulation2\Debug\link.command.1.tlog
C:\Users\ak0061\Downloads\MendelSimulation2\MendelSimulation2\Debug\link.read.1.tlog
C:\Users\ak0061\Downloads\MendelSimulation2\MendelSimulation2\Debug\link.write.1.tlog
C:\Users\ak0061\Downloads\MendelSimulation2\MendelSimulation2\Debug\vc110.idb
C:\Users\ak0061\Downloads\MendelSimulation2\MendelSimulation2\Debug\vc110.pdb
C:\Users\ak0061\Downloads\MendelSimulation2\Debug\MendelSimulation2.pdb
C:\Users\ak0061\Downloads\MendelSimulation2\Debug\MendelSimulation2.exe
C:\Users\ak0061\Downloads\MendelSimulation2\Debug\MendelSimulation2.ilk
